{"/Users/mikko/koodailua/Platform/apps/web/lib/actionErrors.ts": {"path":"/Users/mikko/koodailua/Platform/apps/web/lib/actionErrors.ts","statementMap":{"0":{"start":{"line":38,"column":13},"end":{"line":38,"column":33}},"1":{"start":{"line":48,"column":13},"end":{"line":48,"column":36}},"2":{"start":{"line":43,"column":4},"end":{"line":40,"column":35}},"3":{"start":{"line":44,"column":4},"end":{"line":44,"column":null}},"4":{"start":{"line":50,"column":4},"end":{"line":50,"column":null}},"5":{"start":{"line":51,"column":4},"end":{"line":51,"column":null}}},"fnMap":{"0":{"name":"(anonymous_3)","decl":{"start":{"line":39,"column":2},"end":{"line":39,"column":null}},"loc":{"start":{"line":42,"column":4},"end":{"line":45,"column":null}}},"1":{"name":"(anonymous_4)","decl":{"start":{"line":49,"column":2},"end":{"line":49,"column":14}},"loc":{"start":{"line":49,"column":47},"end":{"line":52,"column":null}}}},"branchMap":{"0":{"loc":{"start":{"line":49,"column":14},"end":{"line":49,"column":45}},"type":"default-arg","locations":[{"start":{"line":49,"column":24},"end":{"line":49,"column":45}}]}},"s":{"0":60,"1":13,"2":44,"3":44,"4":7,"5":7},"f":{"0":44,"1":7},"b":{"0":[2]}}
,"/Users/mikko/koodailua/Platform/apps/web/lib/actionUtils.ts": {"path":"/Users/mikko/koodailua/Platform/apps/web/lib/actionUtils.ts","statementMap":{"0":{"start":{"line":17,"column":22},"end":{"line":17,"column":27}},"1":{"start":{"line":8,"column":16},"end":{"line":8,"column":29}},"2":{"start":{"line":1,"column":44},"end":{"line":1,"column":null}},"3":{"start":{"line":6,"column":2},"end":{"line":6,"column":null}},"4":{"start":{"line":9,"column":2},"end":{"line":14,"column":null}},"5":{"start":{"line":10,"column":4},"end":{"line":12,"column":null}},"6":{"start":{"line":18,"column":2},"end":{"line":47,"column":null}},"7":{"start":{"line":19,"column":4},"end":{"line":19,"column":null}},"8":{"start":{"line":20,"column":4},"end":{"line":20,"column":null}},"9":{"start":{"line":23,"column":4},"end":{"line":29,"column":null}},"10":{"start":{"line":28,"column":6},"end":{"line":28,"column":null}},"11":{"start":{"line":32,"column":4},"end":{"line":34,"column":null}},"12":{"start":{"line":33,"column":6},"end":{"line":33,"column":null}},"13":{"start":{"line":36,"column":4},"end":{"line":38,"column":null}},"14":{"start":{"line":37,"column":6},"end":{"line":37,"column":null}},"15":{"start":{"line":40,"column":4},"end":{"line":42,"column":null}},"16":{"start":{"line":41,"column":6},"end":{"line":41,"column":null}},"17":{"start":{"line":45,"column":4},"end":{"line":45,"column":null}},"18":{"start":{"line":46,"column":4},"end":{"line":46,"column":null}}},"fnMap":{"0":{"name":"validateUUID","decl":{"start":{"line":8,"column":16},"end":{"line":8,"column":29}},"loc":{"start":{"line":8,"column":61},"end":{"line":15,"column":null}}},"1":{"name":"safe","decl":{"start":{"line":17,"column":22},"end":{"line":17,"column":27}},"loc":{"start":{"line":17,"column":50},"end":{"line":48,"column":null}}}},"branchMap":{"0":{"loc":{"start":{"line":9,"column":2},"end":{"line":14,"column":null}},"type":"if","locations":[{"start":{"line":9,"column":2},"end":{"line":14,"column":null}},{"start":{},"end":{}}]},"1":{"loc":{"start":{"line":23,"column":4},"end":{"line":29,"column":null}},"type":"if","locations":[{"start":{"line":23,"column":4},"end":{"line":29,"column":null}},{"start":{},"end":{}}]},"2":{"loc":{"start":{"line":24,"column":6},"end":{"line":26,"column":null}},"type":"binary-expr","locations":[{"start":{"line":24,"column":6},"end":{"line":24,"column":null}},{"start":{"line":25,"column":7},"end":{"line":25,"column":null}},{"start":{"line":26,"column":8},"end":{"line":26,"column":41}}]},"3":{"loc":{"start":{"line":32,"column":4},"end":{"line":34,"column":null}},"type":"if","locations":[{"start":{"line":32,"column":4},"end":{"line":34,"column":null}},{"start":{},"end":{}}]},"4":{"loc":{"start":{"line":32,"column":8},"end":{"line":32,"column":74}},"type":"binary-expr","locations":[{"start":{"line":32,"column":8},"end":{"line":32,"column":37}},{"start":{"line":32,"column":37},"end":{"line":32,"column":55}},{"start":{"line":32,"column":55},"end":{"line":32,"column":74}}]},"5":{"loc":{"start":{"line":36,"column":4},"end":{"line":38,"column":null}},"type":"if","locations":[{"start":{"line":36,"column":4},"end":{"line":38,"column":null}},{"start":{},"end":{}}]},"6":{"loc":{"start":{"line":40,"column":4},"end":{"line":42,"column":null}},"type":"if","locations":[{"start":{"line":40,"column":4},"end":{"line":42,"column":null}},{"start":{},"end":{}}]}},"s":{"0":19,"1":9,"2":2,"3":2,"4":9,"5":7,"6":19,"7":19,"8":5,"9":14,"10":2,"11":12,"12":1,"13":11,"14":6,"15":5,"16":2,"17":3,"18":3},"f":{"0":9,"1":19},"b":{"0":[7,2],"1":[2,12],"2":[14,13,12],"3":[1,11],"4":[12,11,11],"5":[6,5],"6":[2,3]}}
,"/Users/mikko/koodailua/Platform/apps/web/lib/guardedAction.ts": {"path":"/Users/mikko/koodailua/Platform/apps/web/lib/guardedAction.ts","statementMap":{"0":{"start":{"line":9,"column":16},"end":{"line":9,"column":null}},"1":{"start":{"line":3,"column":21},"end":{"line":3,"column":null}},"2":{"start":{"line":4,"column":28},"end":{"line":4,"column":null}},"3":{"start":{"line":5,"column":40},"end":{"line":5,"column":null}},"4":{"start":{"line":6,"column":26},"end":{"line":6,"column":null}},"5":{"start":{"line":14,"column":2},"end":{"line":39,"column":null}},"6":{"start":{"line":15,"column":4},"end":{"line":38,"column":null}},"7":{"start":{"line":17,"column":22},"end":{"line":17,"column":null}},"8":{"start":{"line":18,"column":6},"end":{"line":20,"column":null}},"9":{"start":{"line":19,"column":8},"end":{"line":19,"column":null}},"10":{"start":{"line":23,"column":26},"end":{"line":23,"column":50}},"11":{"start":{"line":26,"column":6},"end":{"line":31,"column":null}},"12":{"start":{"line":27,"column":8},"end":{"line":29,"column":null}},"13":{"start":{"line":34,"column":6},"end":{"line":34,"column":null}},"14":{"start":{"line":37,"column":6},"end":{"line":37,"column":null}}},"fnMap":{"0":{"name":"guardedAction","decl":{"start":{"line":9,"column":16},"end":{"line":9,"column":null}},"loc":{"start":{"line":12,"column":39},"end":{"line":40,"column":null}}},"1":{"name":"(anonymous_2)","decl":{"start":{"line":14,"column":9},"end":{"line":14,"column":16}},"loc":{"start":{"line":14,"column":19},"end":{"line":39,"column":null}}},"2":{"name":"(anonymous_3)","decl":{"start":{"line":15,"column":16},"end":{"line":15,"column":null}},"loc":{"start":{"line":15,"column":16},"end":{"line":38,"column":null}}}},"branchMap":{"0":{"loc":{"start":{"line":18,"column":6},"end":{"line":20,"column":null}},"type":"if","locations":[{"start":{"line":18,"column":6},"end":{"line":20,"column":null}},{"start":{},"end":{}}]},"1":{"loc":{"start":{"line":26,"column":6},"end":{"line":31,"column":null}},"type":"if","locations":[{"start":{"line":26,"column":6},"end":{"line":31,"column":null}},{"start":{},"end":{}}]}},"s":{"0":11,"1":1,"2":1,"3":1,"4":1,"5":11,"6":11,"7":11,"8":11,"9":2,"10":9,"11":9,"12":2,"13":7,"14":6},"f":{"0":11,"1":11,"2":11},"b":{"0":[2,9],"1":[2,7]}}
,"/Users/mikko/koodailua/Platform/apps/web/lib/rateLimit.ts": {"path":"/Users/mikko/koodailua/Platform/apps/web/lib/rateLimit.ts","statementMap":{"0":{"start":{"line":24,"column":22},"end":{"line":24,"column":32}},"1":{"start":{"line":1,"column":23},"end":{"line":1,"column":null}},"2":{"start":{"line":2,"column":31},"end":{"line":2,"column":null}},"3":{"start":{"line":3,"column":21},"end":{"line":3,"column":null}},"4":{"start":{"line":4,"column":24},"end":{"line":4,"column":null}},"5":{"start":{"line":6,"column":29},"end":{"line":6,"column":37}},"6":{"start":{"line":7,"column":32},"end":{"line":7,"column":null}},"7":{"start":{"line":10,"column":21},"end":{"line":10,"column":null}},"8":{"start":{"line":12,"column":19},"end":{"line":12,"column":null}},"9":{"start":{"line":13,"column":2},"end":{"line":13,"column":null}},"10":{"start":{"line":13,"column":16},"end":{"line":13,"column":null}},"11":{"start":{"line":15,"column":20},"end":{"line":15,"column":null}},"12":{"start":{"line":16,"column":2},"end":{"line":16,"column":null}},"13":{"start":{"line":16,"column":17},"end":{"line":16,"column":null}},"14":{"start":{"line":18,"column":17},"end":{"line":18,"column":null}},"15":{"start":{"line":19,"column":2},"end":{"line":19,"column":null}},"16":{"start":{"line":19,"column":14},"end":{"line":19,"column":null}},"17":{"start":{"line":21,"column":2},"end":{"line":21,"column":null}},"18":{"start":{"line":25,"column":18},"end":{"line":25,"column":null}},"19":{"start":{"line":26,"column":21},"end":{"line":26,"column":69}},"20":{"start":{"line":27,"column":2},"end":{"line":27,"column":null}},"21":{"start":{"line":35,"column":14},"end":{"line":35,"column":null}},"22":{"start":{"line":36,"column":22},"end":{"line":36,"column":null}},"23":{"start":{"line":37,"column":13},"end":{"line":37,"column":38}},"24":{"start":{"line":39,"column":17},"end":{"line":52,"column":3}},"25":{"start":{"line":54,"column":16},"end":{"line":54,"column":null}},"26":{"start":{"line":55,"column":2},"end":{"line":57,"column":null}},"27":{"start":{"line":56,"column":4},"end":{"line":56,"column":null}}},"fnMap":{"0":{"name":"getClientIp","decl":{"start":{"line":9,"column":15},"end":{"line":9,"column":null}},"loc":{"start":{"line":9,"column":15},"end":{"line":22,"column":null}}},"1":{"name":"rateLimit","decl":{"start":{"line":24,"column":22},"end":{"line":24,"column":32}},"loc":{"start":{"line":24,"column":46},"end":{"line":28,"column":null}}},"2":{"name":"checkRateLimit","decl":{"start":{"line":30,"column":15},"end":{"line":30,"column":null}},"loc":{"start":{"line":33,"column":21},"end":{"line":58,"column":null}}}},"branchMap":{"0":{"loc":{"start":{"line":13,"column":2},"end":{"line":13,"column":null}},"type":"if","locations":[{"start":{"line":13,"column":2},"end":{"line":13,"column":null}},{"start":{},"end":{}}]},"1":{"loc":{"start":{"line":16,"column":2},"end":{"line":16,"column":null}},"type":"if","locations":[{"start":{"line":16,"column":2},"end":{"line":16,"column":null}},{"start":{},"end":{}}]},"2":{"loc":{"start":{"line":19,"column":2},"end":{"line":19,"column":null}},"type":"if","locations":[{"start":{"line":19,"column":2},"end":{"line":19,"column":null}},{"start":{},"end":{}}]},"3":{"loc":{"start":{"line":26,"column":21},"end":{"line":26,"column":69}},"type":"binary-expr","locations":[{"start":{"line":26,"column":21},"end":{"line":26,"column":42}},{"start":{"line":26,"column":42},"end":{"line":26,"column":69}}]},"4":{"loc":{"start":{"line":54,"column":16},"end":{"line":54,"column":null}},"type":"binary-expr","locations":[{"start":{"line":54,"column":16},"end":{"line":54,"column":36}},{"start":{"line":54,"column":36},"end":{"line":54,"column":null}}]},"5":{"loc":{"start":{"line":55,"column":2},"end":{"line":57,"column":null}},"type":"if","locations":[{"start":{"line":55,"column":2},"end":{"line":57,"column":null}},{"start":{},"end":{}}]}},"s":{"0":10,"1":1,"2":1,"3":1,"4":1,"5":1,"6":1,"7":4,"8":4,"9":4,"10":1,"11":3,"12":3,"13":1,"14":2,"15":2,"16":1,"17":1,"18":10,"19":10,"20":10,"21":10,"22":10,"23":10,"24":10,"25":10,"26":10,"27":2},"f":{"0":4,"1":10,"2":10},"b":{"0":[1,3],"1":[1,2],"2":[1,1],"3":[10,4],"4":[10,1],"5":[2,8]}}
}
