TN:
SF:lib/actionErrors.ts
FN:39,(anonymous_3)
FN:49,(anonymous_4)
FNF:2
FNH:2
FNDA:44,(anonymous_3)
FNDA:7,(anonymous_4)
DA:38,60
DA:43,44
DA:44,44
DA:48,13
DA:50,7
DA:51,7
LF:6
LH:6
BRDA:49,0,0,2
BRF:1
BRH:1
end_of_record
TN:
SF:lib/actionUtils.ts
FN:8,validateUUID
FN:17,safe
FNF:2
FNH:2
FNDA:9,validateUUID
FNDA:19,safe
DA:1,2
DA:6,2
DA:8,9
DA:9,9
DA:10,7
DA:17,19
DA:18,19
DA:19,19
DA:20,5
DA:23,14
DA:28,2
DA:32,12
DA:33,1
DA:36,11
DA:37,6
DA:40,5
DA:41,2
DA:45,3
DA:46,3
LF:19
LH:19
BRDA:9,0,0,7
BRDA:9,0,1,2
BRDA:23,1,0,2
BRDA:23,1,1,12
BRDA:24,2,0,14
BRDA:24,2,1,13
BRDA:24,2,2,12
BRDA:32,3,0,1
BRDA:32,3,1,11
BRDA:32,4,0,12
BRDA:32,4,1,11
BRDA:32,4,2,11
BRDA:36,5,0,6
BRDA:36,5,1,5
BRDA:40,6,0,2
BRDA:40,6,1,3
BRF:16
BRH:16
end_of_record
TN:
SF:lib/guardedAction.ts
FN:9,guardedAction
FN:14,(anonymous_2)
FN:15,(anonymous_3)
FNF:3
FNH:3
FNDA:11,guardedAction
FNDA:11,(anonymous_2)
FNDA:11,(anonymous_3)
DA:3,1
DA:4,1
DA:5,1
DA:6,1
DA:9,11
DA:14,11
DA:15,11
DA:17,11
DA:18,11
DA:19,2
DA:23,9
DA:26,9
DA:27,2
DA:34,7
DA:37,6
LF:15
LH:15
BRDA:18,0,0,2
BRDA:18,0,1,9
BRDA:26,1,0,2
BRDA:26,1,1,7
BRF:4
BRH:4
end_of_record
TN:
SF:lib/rateLimit.ts
FN:9,getClientIp
FN:24,rateLimit
FN:30,checkRateLimit
FNF:3
FNH:3
FNDA:4,getClientIp
FNDA:10,rateLimit
FNDA:10,checkRateLimit
DA:1,1
DA:2,1
DA:3,1
DA:4,1
DA:6,1
DA:7,1
DA:10,4
DA:12,4
DA:13,4
DA:15,3
DA:16,3
DA:18,2
DA:19,2
DA:21,1
DA:24,10
DA:25,10
DA:26,10
DA:27,10
DA:35,10
DA:36,10
DA:37,10
DA:39,10
DA:54,10
DA:55,10
DA:56,2
LF:25
LH:25
BRDA:13,0,0,1
BRDA:13,0,1,3
BRDA:16,1,0,1
BRDA:16,1,1,2
BRDA:19,2,0,1
BRDA:19,2,1,1
BRDA:26,3,0,10
BRDA:26,3,1,4
BRDA:54,4,0,10
BRDA:54,4,1,1
BRDA:55,5,0,2
BRDA:55,5,1,8
BRF:12
BRH:12
end_of_record
